 PEGS5-call comes next


 inseed=           1      (seed for generating unique sequences of Ranlux)
 ranlux luxury level set by rluxgo : 1     p=  48
 ranlux initialized by rluxgo from seed           1

 Start fluor_off
 Call hatch to get cross-section data

 HATCH-call comes next

 RAYLEIGH OPTION REQUESTED FOR MEDIUM NUMBER  1

 INCOHERENT OPTION REQUESTED FOR MEDIUM NUMBER  1

 EGS SUCCESSFULLY 'HATCHED' FOR ONE MEDIUM.

 Knock-on electrons can be created and any electron followed down to
                                          0.010 MeV kinetic energy
 Brem photons can be created and any photon followed down to
                                          0.001 MeV

 For 100.0 keV photons incident on 0.050cm of Pb with PCUT=0.001 MeV

 Transmitted primaries (true, never sca   4.307%  ave energy=   0.10000 MeV

 Fraction Rayleigh scattering (non-fluo   0.538%  ave energy=   0.09836 MeV

 Fraction Compton scattering only (non-   0.452%  ave energy=   0.07804 MeV

 Fraction fluorescence/photoelectric-de   0.023%  ave energy=   0.04342 MeV


 Total escaped-photon energy (MeV, both directions)=  0.519942E+04
 Total escaped-photon count=     53204.0
 TOTAL ENERGY TRANSMISSION FRACTION=  0.051994


 Escaped photons in 72-86 keV band (count)=      4272.0
 FRACTION OF ESCAPED PHOTONS IN 72-86 keV BAND=  0.080295


 Escaped-photon energy histogram (both directions), 1 keV bins:
   bin-upper-edge(MeV)   counts
    0.0010           0.0
    0.0020           0.0
    0.0030           2.0
    0.0040           2.0
    0.0050           1.0
    0.0060           0.0
    0.0070           2.0
    0.0080           2.0
    0.0090           1.0
    0.0100           0.0
    0.0110           7.0
    0.0120           4.0
    0.0130           5.0
    0.0140           3.0
    0.0150           4.0
    0.0160           1.0
    0.0170           1.0
    0.0180           1.0
    0.0190           0.0
    0.0200           3.0
    0.0210           1.0
    0.0220           4.0
    0.0230           2.0
    0.0240           3.0
    0.0250           1.0
    0.0260           2.0
    0.0270           3.0
    0.0280           2.0
    0.0290           4.0
    0.0300           0.0
    0.0310           5.0
    0.0320           3.0
    0.0330           3.0
    0.0340           2.0
    0.0350           5.0
    0.0360           7.0
    0.0370           2.0
    0.0380           8.0
    0.0390           1.0
    0.0400           3.0
    0.0410           1.0
    0.0420           2.0
    0.0430           0.0
    0.0440           4.0
    0.0450           7.0
    0.0460           2.0
    0.0470           4.0
    0.0480           3.0
    0.0490           2.0
    0.0500           3.0
    0.0510           4.0
    0.0520           4.0
    0.0530           6.0
    0.0540           5.0
    0.0550           8.0
    0.0560           3.0
    0.0570           6.0
    0.0580           5.0
    0.0590           6.0
    0.0600           2.0
    0.0610           4.0
    0.0620           4.0
    0.0630           4.0
    0.0640           6.0
    0.0650           4.0
    0.0660           7.0
    0.0670           8.0
    0.0680           6.0
    0.0690           4.0
    0.0700           9.0
    0.0710          11.0
    0.0720          99.0
    0.0730         670.0
    0.0740         610.0
    0.0750         532.0
    0.0760         455.0
    0.0770         411.0
    0.0780         367.0
    0.0790         321.0
    0.0800         297.0
    0.0810         204.0
    0.0820         173.0
    0.0830         114.0
    0.0840          53.0
    0.0850          23.0
    0.0860          42.0
    0.0870          42.0
    0.0880          51.0
    0.0890          10.0
    0.0900          14.0
    0.0910          16.0
    0.0920          20.0
    0.0930          18.0
    0.0940          38.0
    0.0950          46.0
    0.0960          59.0
    0.0970          66.0
    0.0980          73.0
    0.0990          77.0
    0.1000       48059.0
    0.1010           0.0
    0.1020           0.0
    0.1030           0.0
    0.1040           0.0
    0.1050           0.0
    0.1060           0.0
    0.1070           0.0
    0.1080           0.0
    0.1090           0.0
    0.1100           0.0
    0.1110           0.0
    0.1120           0.0
    0.1130           0.0
    0.1140           0.0
    0.1150           0.0
    0.1160           0.0
    0.1170           0.0
    0.1180           0.0
    0.1190           0.0
    0.1200           0.0
